<?xml version="1.0" encoding="UTF-8"?>
<testng-results skipped="0" failed="0" total="0" passed="0">
  <reporter-output>
  </reporter-output>
  <suite name="framework.TestLogin" duration-ms="1" started-at="2019-06-23T13:25:39Z" finished-at="2019-06-23T13:25:39Z">
    <groups>
    </groups>
    <test name="Command line test" duration-ms="1" started-at="2019-06-23T13:25:39Z" finished-at="2019-06-23T13:25:39Z">
    </test> <!-- Command line test -->
  </suite> <!-- framework.TestLogin -->
</testng-results>
